0 info it worked if it ends with ok
1 verbose cli [ 'C:\\Program Files (x86)\\Nodist\\v-x64\\4.4.7\\node.exe',
1 verbose cli   'C:\\Program Files (x86)\\Nodist\\npmv\\3.9.6\\bin\\npm-cli.js',
1 verbose cli   'start' ]
2 info using npm@3.9.6
3 info using node@v4.4.7
4 verbose run-script [ 'prestart', 'start', 'poststart' ]
5 info lifecycle sqrtl@1.0.0~prestart: sqrtl@1.0.0
6 silly lifecycle sqrtl@1.0.0~prestart: no script for prestart, continuing
7 info lifecycle sqrtl@1.0.0~start: sqrtl@1.0.0
8 verbose lifecycle sqrtl@1.0.0~start: unsafe-perm in lifecycle true
9 verbose lifecycle sqrtl@1.0.0~start: PATH: C:\Program Files (x86)\Nodist\npmv\3.9.6\bin\node-gyp-bin;C:\Users\conno\hr\sqrtl\node_modules\.bin;C:\Program Files (x86)\Nodist\v-x64\4.4.7;C:\Program Files (x86)\Intel\iCLS Client\;C:\Program Files\Intel\iCLS Client\;C:\WINDOWS\system32;C:\WINDOWS;C:\WINDOWS\System32\Wbem;C:\WINDOWS\System32\WindowsPowerShell\v1.0\;C:\Program Files (x86)\Intel\Intel(R) Management Engine Components\DAL;C:\Program Files\Intel\Intel(R) Management Engine Components\DAL;C:\Program Files (x86)\Intel\Intel(R) Management Engine Components\IPT;C:\Program Files\Intel\Intel(R) Management Engine Components\IPT;C:\Program Files\Intel\WiFi\bin\;C:\Program Files\Common Files\Intel\WirelessCommon\;C:\WINDOWS\system32\config\systemprofile\.dnx\bin;C:\Program Files\Microsoft DNX\Dnvm\;C:\Program Files (x86)\Skype\Phone\;C:\Program Files (x86)\Windows Kits\10\Windows Performance Toolkit\;C:\Program Files\Git\cmd;C:\Program Files\Microsoft SQL Server\130\Tools\Binn\;C:\Program Files (x86)\nodejs\;C:\HashiCorp\Vagrant\bin;C:\Program Files (x86)\Bitvise SSH Client;C:\Program Files (x86)\Heroku\bin;C:\Program Files (x86)\git\cmd;C:\Program Files (x86)\Git\cmd;C:\Program Files (x86)\Nodist\bin;C:\ProgramFiles\Git\cmd;C:\RailsInstaller\Git\cmd;C:\RailsInstaller\Ruby2.2.0\bin;C:\Users\conno\Desktop\Python Anaconda;C:\Users\conno\Desktop\Python Anaconda\Scripts;C:\Users\conno\Desktop\Python Anaconda\Library\bin;C:\Users\conno\AppData\Roaming\npm
10 verbose lifecycle sqrtl@1.0.0~start: CWD: C:\Users\conno\hr\sqrtl
11 silly lifecycle sqrtl@1.0.0~start: Args: [ '/d /s /c', 'grunt' ]
12 silly lifecycle sqrtl@1.0.0~start: Returned: code: 3  signal: null
13 info lifecycle sqrtl@1.0.0~start: Failed to exec start script
14 verbose stack Error: sqrtl@1.0.0 start: `grunt`
14 verbose stack Exit status 3
14 verbose stack     at EventEmitter.<anonymous> (C:\Program Files (x86)\Nodist\npmv\3.9.6\lib\utils\lifecycle.js:245:16)
14 verbose stack     at emitTwo (events.js:87:13)
14 verbose stack     at EventEmitter.emit (events.js:172:7)
14 verbose stack     at ChildProcess.<anonymous> (C:\Program Files (x86)\Nodist\npmv\3.9.6\lib\utils\spawn.js:24:14)
14 verbose stack     at emitTwo (events.js:87:13)
14 verbose stack     at ChildProcess.emit (events.js:172:7)
14 verbose stack     at maybeClose (internal/child_process.js:827:16)
14 verbose stack     at Process.ChildProcess._handle.onexit (internal/child_process.js:211:5)
15 verbose pkgid sqrtl@1.0.0
16 verbose cwd C:\Users\conno\hr\sqrtl
17 error Windows_NT 10.0.10586
18 error argv "C:\\Program Files (x86)\\Nodist\\v-x64\\4.4.7\\node.exe" "C:\\Program Files (x86)\\Nodist\\npmv\\3.9.6\\bin\\npm-cli.js" "start"
19 error node v4.4.7
20 error npm  v3.9.6
21 error code ELIFECYCLE
22 error sqrtl@1.0.0 start: `grunt`
22 error Exit status 3
23 error Failed at the sqrtl@1.0.0 start script 'grunt'.
23 error Make sure you have the latest version of node.js and npm installed.
23 error If you do, this is most likely a problem with the sqrtl package,
23 error not with npm itself.
23 error Tell the author that this fails on your system:
23 error     grunt
23 error You can get information on how to open an issue for this project with:
23 error     npm bugs sqrtl
23 error Or if that isn't available, you can get their info via:
23 error     npm owner ls sqrtl
23 error There is likely additional logging output above.
24 verbose exit [ 1, true ]
